#
# There is insufficient memory for the Java Runtime Environment to continue.
# Native memory allocation (malloc) failed to allocate 44016 bytes for Chunk::new
# Possible reasons:
#   The system is out of physical RAM or swap space
#   The process is running with CompressedOops enabled, and the Java Heap may be blocking the growth of the native heap
# Possible solutions:
#   Reduce memory load on the system
#   Increase physical memory or swap space
#   Check if swap backing store is full
#   Decrease Java heap size (-Xmx/-Xms)
#   Decrease number of Java threads
#   Decrease Java thread stack sizes (-Xss)
#   Set larger code cache with -XX:ReservedCodeCacheSize=
#   JVM is running with Unscaled Compressed Oops mode in which the Java heap is
#     placed in the first 4GB address space. The Java Heap base address is the
#     maximum limit for the native heap growth. Please use -XX:HeapBaseMinAddress
#     to set the Java Heap base and to place the Java Heap above 4GB virtual address.
# This output file may be truncated or incomplete.
#
#  Out of Memory Error (arena.cpp:184), pid=23564, tid=10528
#
# JRE version: Java(TM) SE Runtime Environment (20.0.1+9) (build 20.0.1+9-29)
# Java VM: Java HotSpot(TM) 64-Bit Server VM (20.0.1+9-29, mixed mode, sharing, tiered, compressed oops, compressed class ptrs, g1 gc, windows-amd64)
# No core dump will be written. Minidumps are not enabled by default on client versions of Windows
#

---------------  S U M M A R Y ------------

Command Line: -Dfile.encoding=UTF-8 --module-path=C:\Users\acer\Dropbox\PC\Documents\NetBeansProjects\Quiz Application\build\classes quiz.application.Score

Host: AMD Ryzen 5 5500U with Radeon Graphics         , 12 cores, 7G,  Windows 11 , 64 bit Build 22621 (10.0.22621.1635)
Time: Sat Jun  3 02:18:16 2023 Bangladesh Standard Time elapsed time: 1.278108 seconds (0d 0h 0m 1s)

---------------  T H R E A D  ---------------

Current thread (0x0000015138a81560):  JavaThread "C2 CompilerThread1" daemon [_thread_in_native, id=10528, stack(0x0000003f48a00000,0x0000003f48b00000)]


Current CompileTask:
C2:   1278  918       4       java.util.HashMap::getNode (150 bytes)

Stack: [0x0000003f48a00000,0x0000003f48b00000]
Native frames: (J=compiled Java code, j=interpreted, Vv=VM code, C=native code)
V  [jvm.dll+0x6bb95a]
V  [jvm.dll+0x8485fa]
V  [jvm.dll+0x84a1f5]
V  [jvm.dll+0x84a8f3]
V  [jvm.dll+0x280b0f]
V  [jvm.dll+0xc2b11]
V  [jvm.dll+0xc2e35]
V  [jvm.dll+0x2f5dbf]
V  [jvm.dll+0x5e32eb]
V  [jvm.dll+0x2543b4]
V  [jvm.dll+0x24cb30]
V  [jvm.dll+0x24a549]
V  [jvm.dll+0x1ce491]
V  [jvm.dll+0x259e1b]
V  [jvm.dll+0x2584f0]
V  [jvm.dll+0x3f2895]
V  [jvm.dll+0x7f4b56]
V  [jvm.dll+0x6ba5cb]
C  [ucrtbase.dll+0x29363]
C  [KERNEL32.DLL+0x126ad]
C  [ntdll.dll+0x5a9f8]


---------------  P R O C E S S  ---------------

Threads class SMR info:
_java_thread_list=0x00000151380d11b0, length=18, elements={
0x0000015133e54930, 0x0000015133e55310, 0x0000015133e5b010, 0x0000015133e5bbb0,
0x0000015133e5dc70, 0x0000015133e5e5b0, 0x0000015133e67230, 0x0000015133e6b0b0,
0x000001513808a560, 0x0000015138192c50, 0x000001513826b1d0, 0x000001513832e9c0,
0x0000015138331bf0, 0x0000015138a5e8f0, 0x0000015138a81560, 0x0000015138ddf270,
0x0000015117386630, 0x0000015138fd82e0
}

Java Threads: ( => current thread )
  0x0000015133e54930 JavaThread "Reference Handler" daemon [_thread_blocked, id=23976, stack(0x0000003f47100000,0x0000003f47200000)]
  0x0000015133e55310 JavaThread "Finalizer" daemon [_thread_blocked, id=27372, stack(0x0000003f47200000,0x0000003f47300000)]
  0x0000015133e5b010 JavaThread "Signal Dispatcher" daemon [_thread_blocked, id=24512, stack(0x0000003f47300000,0x0000003f47400000)]
  0x0000015133e5bbb0 JavaThread "Attach Listener" daemon [_thread_blocked, id=5244, stack(0x0000003f47400000,0x0000003f47500000)]
  0x0000015133e5dc70 JavaThread "Service Thread" daemon [_thread_blocked, id=24280, stack(0x0000003f47500000,0x0000003f47600000)]
  0x0000015133e5e5b0 JavaThread "Monitor Deflation Thread" daemon [_thread_blocked, id=15272, stack(0x0000003f47600000,0x0000003f47700000)]
  0x0000015133e67230 JavaThread "C2 CompilerThread0" daemon [_thread_blocked, id=1872, stack(0x0000003f47700000,0x0000003f47800000)]
  0x0000015133e6b0b0 JavaThread "C1 CompilerThread0" daemon [_thread_blocked, id=25212, stack(0x0000003f47800000,0x0000003f47900000)]
  0x000001513808a560 JavaThread "Common-Cleaner" daemon [_thread_blocked, id=13148, stack(0x0000003f47900000,0x0000003f47a00000)]
  0x0000015138192c50 JavaThread "Notification Thread" daemon [_thread_blocked, id=20884, stack(0x0000003f47a00000,0x0000003f47b00000)]
  0x000001513826b1d0 JavaThread "Java2D Disposer" daemon [_thread_blocked, id=22324, stack(0x0000003f47c00000,0x0000003f47d00000)]
  0x000001513832e9c0 JavaThread "AWT-Shutdown" [_thread_blocked, id=25404, stack(0x0000003f47d00000,0x0000003f47e00000)]
  0x0000015138331bf0 JavaThread "AWT-Windows" daemon [_thread_in_native, id=21624, stack(0x0000003f47e00000,0x0000003f47f00000)]
  0x0000015138a5e8f0 JavaThread "Image Fetcher 0" daemon [_thread_blocked, id=19464, stack(0x0000003f48900000,0x0000003f48a00000)]
=>0x0000015138a81560 JavaThread "C2 CompilerThread1" daemon [_thread_in_native, id=10528, stack(0x0000003f48a00000,0x0000003f48b00000)]
  0x0000015138ddf270 JavaThread "AWT-EventQueue-0" [_thread_blocked, id=15840, stack(0x0000003f48b00000,0x0000003f48c00000)]
  0x0000015117386630 JavaThread "DestroyJavaVM" [_thread_blocked, id=26740, stack(0x0000003f46a00000,0x0000003f46b00000)]
  0x0000015138fd82e0 JavaThread "D3D Screen Updater" daemon [_thread_blocked, id=15516, stack(0x0000003f48c00000,0x0000003f48d00000)]

Other Threads:
  0x0000015133e33340 VMThread "VM Thread" [stack: 0x0000003f47000000,0x0000003f47100000] [id=27004]
  0x00000151381bde50 WatcherThread "VM Periodic Task Thread" [stack: 0x0000003f47b00000,0x0000003f47c00000] [id=12792]
  0x00000151173e3180 WorkerThread "GC Thread#0" [stack: 0x0000003f46b00000,0x0000003f46c00000] [id=2268]
  0x00000151173f2c10 ConcurrentGCThread "G1 Main Marker" [stack: 0x0000003f46c00000,0x0000003f46d00000] [id=7488]
  0x00000151173f3940 WorkerThread "G1 Conc#0" [stack: 0x0000003f46d00000,0x0000003f46e00000] [id=27264]
  0x0000015133cf40f0 ConcurrentGCThread "G1 Refine#0" [stack: 0x0000003f46e00000,0x0000003f46f00000] [id=2460]
  0x0000015133cf4a30 ConcurrentGCThread "G1 Service" [stack: 0x0000003f46f00000,0x0000003f47000000] [id=3996]

Threads with active compile tasks:
C2 CompilerThread1     1547  918       4       java.util.HashMap::getNode (150 bytes)

VM state: not at safepoint (normal execution)

VM Mutex/Monitor currently owned by a thread: None

Heap address: 0x000000008a400000, size: 1884 MB, Compressed Oops mode: 32-bit

CDS archive(s) mapped at: [0x0000000800000000-0x0000000800c60000-0x0000000800c60000), size 12976128, SharedBaseAddress: 0x0000000800000000, ArchiveRelocationMode: 0.
Compressed class space mapped at: 0x0000000801000000-0x0000000841000000, reserved size: 1073741824
Narrow klass base: 0x0000000800000000, Narrow klass shift: 0, Narrow klass range: 0x100000000

GC Precious Log:
 CardTable entry size: 512
 Card Set container configuration: InlinePtr #cards 5 size 8 Array Of Cards #cards 12 size 40 Howl #buckets 4 coarsen threshold 1843 Howl Bitmap #cards 512 size 80 coarsen threshold 460 Card regions per heap region 1 cards per card region 2048
 CPUs: 12 total, 12 available
 Memory: 7530M
 Large Page Support: Disabled
 NUMA Support: Disabled
 Compressed Oops: Enabled (32-bit)
 Heap Region Size: 1M
 Heap Min Capacity: 8M
 Heap Initial Capacity: 118M
 Heap Max Capacity: 1884M
 Pre-touch: Disabled
 Parallel Workers: 10
 Concurrent Workers: 3
 Concurrent Refinement Workers: 10
 Periodic GC: Disabled

Heap:
 garbage-first heap   total 120832K, used 17408K [0x000000008a400000, 0x0000000100000000)
  region size 1024K, 13 young (13312K), 0 survivors (0K)
 Metaspace       used 7239K, committed 7424K, reserved 1114112K
  class space    used 794K, committed 896K, reserved 1048576K

Heap Regions: E=young(eden), S=young(survivor), O=old, HS=humongous(starts), HC=humongous(continues), CS=collection set, F=free, OA=open archive, CA=closed archive, TAMS=top-at-mark-start, PB=parsable bottom
|   0|0x000000008a400000, 0x000000008a500000, 0x000000008a500000|100%|HS|  |TAMS 0x000000008a400000| PB 0x000000008a400000| Complete 
|   1|0x000000008a500000, 0x000000008a600000, 0x000000008a600000|100%|HC|  |TAMS 0x000000008a500000| PB 0x000000008a500000| Complete 
|   2|0x000000008a600000, 0x000000008a700000, 0x000000008a700000|100%|HC|  |TAMS 0x000000008a600000| PB 0x000000008a600000| Complete 
|   3|0x000000008a700000, 0x000000008a800000, 0x000000008a800000|100%|HS|  |TAMS 0x000000008a700000| PB 0x000000008a700000| Complete 
|   4|0x000000008a800000, 0x000000008a900000, 0x000000008a900000|100%|HC|  |TAMS 0x000000008a800000| PB 0x000000008a800000| Complete 
|   5|0x000000008a900000, 0x000000008aa00000, 0x000000008aa00000|100%|HC|  |TAMS 0x000000008a900000| PB 0x000000008a900000| Complete 
|   6|0x000000008aa00000, 0x000000008aa00000, 0x000000008ab00000|  0%| F|  |TAMS 0x000000008aa00000| PB 0x000000008aa00000| Untracked 
|   7|0x000000008ab00000, 0x000000008ab00000, 0x000000008ac00000|  0%| F|  |TAMS 0x000000008ab00000| PB 0x000000008ab00000| Untracked 
|   8|0x000000008ac00000, 0x000000008ac00000, 0x000000008ad00000|  0%| F|  |TAMS 0x000000008ac00000| PB 0x000000008ac00000| Untracked 
|   9|0x000000008ad00000, 0x000000008ad00000, 0x000000008ae00000|  0%| F|  |TAMS 0x000000008ad00000| PB 0x000000008ad00000| Untracked 
|  10|0x000000008ae00000, 0x000000008ae00000, 0x000000008af00000|  0%| F|  |TAMS 0x000000008ae00000| PB 0x000000008ae00000| Untracked 
|  11|0x000000008af00000, 0x000000008af00000, 0x000000008b000000|  0%| F|  |TAMS 0x000000008af00000| PB 0x000000008af00000| Untracked 
|  12|0x000000008b000000, 0x000000008b000000, 0x000000008b100000|  0%| F|  |TAMS 0x000000008b000000| PB 0x000000008b000000| Untracked 
|  13|0x000000008b100000, 0x000000008b100000, 0x000000008b200000|  0%| F|  |TAMS 0x000000008b100000| PB 0x000000008b100000| Untracked 
|  14|0x000000008b200000, 0x000000008b200000, 0x000000008b300000|  0%| F|  |TAMS 0x000000008b200000| PB 0x000000008b200000| Untracked 
|  15|0x000000008b300000, 0x000000008b300000, 0x000000008b400000|  0%| F|  |TAMS 0x000000008b300000| PB 0x000000008b300000| Untracked 
|  16|0x000000008b400000, 0x000000008b400000, 0x000000008b500000|  0%| F|  |TAMS 0x000000008b400000| PB 0x000000008b400000| Untracked 
|  17|0x000000008b500000, 0x000000008b500000, 0x000000008b600000|  0%| F|  |TAMS 0x000000008b500000| PB 0x000000008b500000| Untracked 
|  18|0x000000008b600000, 0x000000008b600000, 0x000000008b700000|  0%| F|  |TAMS 0x000000008b600000| PB 0x000000008b600000| Untracked 
|  19|0x000000008b700000, 0x000000008b700000, 0x000000008b800000|  0%| F|  |TAMS 0x000000008b700000| PB 0x000000008b700000| Untracked 
|  20|0x000000008b800000, 0x000000008b800000, 0x000000008b900000|  0%| F|  |TAMS 0x000000008b800000| PB 0x000000008b800000| Untracked 
|  21|0x000000008b900000, 0x000000008b900000, 0x000000008ba00000|  0%| F|  |TAMS 0x000000008b900000| PB 0x000000008b900000| Untracked 
|  22|0x000000008ba00000, 0x000000008ba00000, 0x000000008bb00000|  0%| F|  |TAMS 0x000000008ba00000| PB 0x000000008ba00000| Untracked 
|  23|0x000000008bb00000, 0x000000008bb00000, 0x000000008bc00000|  0%| F|  |TAMS 0x000000008bb00000| PB 0x000000008bb00000| Untracked 
|  24|0x000000008bc00000, 0x000000008bc00000, 0x000000008bd00000|  0%| F|  |TAMS 0x000000008bc00000| PB 0x000000008bc00000| Untracked 
|  25|0x000000008bd00000, 0x000000008bd00000, 0x000000008be00000|  0%| F|  |TAMS 0x000000008bd00000| PB 0x000000008bd00000| Untracked 
|  26|0x000000008be00000, 0x000000008be00000, 0x000000008bf00000|  0%| F|  |TAMS 0x000000008be00000| PB 0x000000008be00000| Untracked 
|  27|0x000000008bf00000, 0x000000008bf00000, 0x000000008c000000|  0%| F|  |TAMS 0x000000008bf00000| PB 0x000000008bf00000| Untracked 
|  28|0x000000008c000000, 0x000000008c000000, 0x000000008c100000|  0%| F|  |TAMS 0x000000008c000000| PB 0x000000008c000000| Untracked 
|  29|0x000000008c100000, 0x000000008c100000, 0x000000008c200000|  0%| F|  |TAMS 0x000000008c100000| PB 0x000000008c100000| Untracked 
|  30|0x000000008c200000, 0x000000008c200000, 0x000000008c300000|  0%| F|  |TAMS 0x000000008c200000| PB 0x000000008c200000| Untracked 
|  31|0x000000008c300000, 0x000000008c300000, 0x000000008c400000|  0%| F|  |TAMS 0x000000008c300000| PB 0x000000008c300000| Untracked 
|  32|0x000000008c400000, 0x000000008c400000, 0x000000008c500000|  0%| F|  |TAMS 0x000000008c400000| PB 0x000000008c400000| Untracked 
|  33|0x000000008c500000, 0x000000008c500000, 0x000000008c600000|  0%| F|  |TAMS 0x000000008c500000| PB 0x000000008c500000| Untracked 
|  34|0x000000008c600000, 0x000000008c600000, 0x000000008c700000|  0%| F|  |TAMS 0x000000008c600000| PB 0x000000008c600000| Untracked 
|  35|0x000000008c700000, 0x000000008c700000, 0x000000008c800000|  0%| F|  |TAMS 0x000000008c700000| PB 0x000000008c700000| Untracked 
|  36|0x000000008c800000, 0x000000008c800000, 0x000000008c900000|  0%| F|  |TAMS 0x000000008c800000| PB 0x000000008c800000| Untracked 
|  37|0x000000008c900000, 0x000000008c900000, 0x000000008ca00000|  0%| F|  |TAMS 0x000000008c900000| PB 0x000000008c900000| Untracked 
|  38|0x000000008ca00000, 0x000000008ca00000, 0x000000008cb00000|  0%| F|  |TAMS 0x000000008ca00000| PB 0x000000008ca00000| Untracked 
|  39|0x000000008cb00000, 0x000000008cb00000, 0x000000008cc00000|  0%| F|  |TAMS 0x000000008cb00000| PB 0x000000008cb00000| Untracked 
|  40|0x000000008cc00000, 0x000000008cc00000, 0x000000008cd00000|  0%| F|  |TAMS 0x000000008cc00000| PB 0x000000008cc00000| Untracked 
|  41|0x000000008cd00000, 0x000000008cd00000, 0x000000008ce00000|  0%| F|  |TAMS 0x000000008cd00000| PB 0x000000008cd00000| Untracked 
|  42|0x000000008ce00000, 0x000000008ce00000, 0x000000008cf00000|  0%| F|  |TAMS 0x000000008ce00000| PB 0x000000008ce00000| Untracked 
|  43|0x000000008cf00000, 0x000000008cf00000, 0x000000008d000000|  0%| F|  |TAMS 0x000000008cf00000| PB 0x000000008cf00000| Untracked 
|  44|0x000000008d000000, 0x000000008d000000, 0x000000008d100000|  0%| F|  |TAMS 0x000000008d000000| PB 0x000000008d000000| Untracked 
|  45|0x000000008d100000, 0x000000008d100000, 0x000000008d200000|  0%| F|  |TAMS 0x000000008d100000| PB 0x000000008d100000| Untracked 
|  46|0x000000008d200000, 0x000000008d200000, 0x000000008d300000|  0%| F|  |TAMS 0x000000008d200000| PB 0x000000008d200000| Untracked 
|  47|0x000000008d300000, 0x000000008d300000, 0x000000008d400000|  0%| F|  |TAMS 0x000000008d300000| PB 0x000000008d300000| Untracked 
|  48|0x000000008d400000, 0x000000008d400000, 0x000000008d500000|  0%| F|  |TAMS 0x000000008d400000| PB 0x000000008d400000| Untracked 
|  49|0x000000008d500000, 0x000000008d500000, 0x000000008d600000|  0%| F|  |TAMS 0x000000008d500000| PB 0x000000008d500000| Untracked 
|  50|0x000000008d600000, 0x000000008d600000, 0x000000008d700000|  0%| F|  |TAMS 0x000000008d600000| PB 0x000000008d600000| Untracked 
|  51|0x000000008d700000, 0x000000008d700000, 0x000000008d800000|  0%| F|  |TAMS 0x000000008d700000| PB 0x000000008d700000| Untracked 
|  52|0x000000008d800000, 0x000000008d800000, 0x000000008d900000|  0%| F|  |TAMS 0x000000008d800000| PB 0x000000008d800000| Untracked 
|  53|0x000000008d900000, 0x000000008d900000, 0x000000008da00000|  0%| F|  |TAMS 0x000000008d900000| PB 0x000000008d900000| Untracked 
|  54|0x000000008da00000, 0x000000008da00000, 0x000000008db00000|  0%| F|  |TAMS 0x000000008da00000| PB 0x000000008da00000| Untracked 
|  55|0x000000008db00000, 0x000000008db00000, 0x000000008dc00000|  0%| F|  |TAMS 0x000000008db00000| PB 0x000000008db00000| Untracked 
|  56|0x000000008dc00000, 0x000000008dc00000, 0x000000008dd00000|  0%| F|  |TAMS 0x000000008dc00000| PB 0x000000008dc00000| Untracked 
|  57|0x000000008dd00000, 0x000000008dd00000, 0x000000008de00000|  0%| F|  |TAMS 0x000000008dd00000| PB 0x000000008dd00000| Untracked 
|  58|0x000000008de00000, 0x000000008de00000, 0x000000008df00000|  0%| F|  |TAMS 0x000000008de00000| PB 0x000000008de00000| Untracked 
|  59|0x000000008df00000, 0x000000008df00000, 0x000000008e000000|  0%| F|  |TAMS 0x000000008df00000| PB 0x000000008df00000| Untracked 
|  60|0x000000008e000000, 0x000000008e000000, 0x000000008e100000|  0%| F|  |TAMS 0x000000008e000000| PB 0x000000008e000000| Untracked 
|  61|0x000000008e100000, 0x000000008e100000, 0x000000008e200000|  0%| F|  |TAMS 0x000000008e100000| PB 0x000000008e100000| Untracked 
|  62|0x000000008e200000, 0x000000008e200000, 0x000000008e300000|  0%| F|  |TAMS 0x000000008e200000| PB 0x000000008e200000| Untracked 
|  63|0x000000008e300000, 0x000000008e300000, 0x000000008e400000|  0%| F|  |TAMS 0x000000008e300000| PB 0x000000008e300000| Untracked 
|  64|0x000000008e400000, 0x000000008e400000, 0x000000008e500000|  0%| F|  |TAMS 0x000000008e400000| PB 0x000000008e400000| Untracked 
|  65|0x000000008e500000, 0x000000008e500000, 0x000000008e600000|  0%| F|  |TAMS 0x000000008e500000| PB 0x000000008e500000| Untracked 
|  66|0x000000008e600000, 0x000000008e600000, 0x000000008e700000|  0%| F|  |TAMS 0x000000008e600000| PB 0x000000008e600000| Untracked 
|  67|0x000000008e700000, 0x000000008e700000, 0x000000008e800000|  0%| F|  |TAMS 0x000000008e700000| PB 0x000000008e700000| Untracked 
|  68|0x000000008e800000, 0x000000008e800000, 0x000000008e900000|  0%| F|  |TAMS 0x000000008e800000| PB 0x000000008e800000| Untracked 
|  69|0x000000008e900000, 0x000000008e900000, 0x000000008ea00000|  0%| F|  |TAMS 0x000000008e900000| PB 0x000000008e900000| Untracked 
|  70|0x000000008ea00000, 0x000000008ea00000, 0x000000008eb00000|  0%| F|  |TAMS 0x000000008ea00000| PB 0x000000008ea00000| Untracked 
|  71|0x000000008eb00000, 0x000000008eb00000, 0x000000008ec00000|  0%| F|  |TAMS 0x000000008eb00000| PB 0x000000008eb00000| Untracked 
|  72|0x000000008ec00000, 0x000000008ec00000, 0x000000008ed00000|  0%| F|  |TAMS 0x000000008ec00000| PB 0x000000008ec00000| Untracked 
|  73|0x000000008ed00000, 0x000000008ed00000, 0x000000008ee00000|  0%| F|  |TAMS 0x000000008ed00000| PB 0x000000008ed00000| Untracked 
|  74|0x000000008ee00000, 0x000000008ee00000, 0x000000008ef00000|  0%| F|  |TAMS 0x000000008ee00000| PB 0x000000008ee00000| Untracked 
|  75|0x000000008ef00000, 0x000000008ef00000, 0x000000008f000000|  0%| F|  |TAMS 0x000000008ef00000| PB 0x000000008ef00000| Untracked 
|  76|0x000000008f000000, 0x000000008f000000, 0x000000008f100000|  0%| F|  |TAMS 0x000000008f000000| PB 0x000000008f000000| Untracked 
|  77|0x000000008f100000, 0x000000008f100000, 0x000000008f200000|  0%| F|  |TAMS 0x000000008f100000| PB 0x000000008f100000| Untracked 
|  78|0x000000008f200000, 0x000000008f200000, 0x000000008f300000|  0%| F|  |TAMS 0x000000008f200000| PB 0x000000008f200000| Untracked 
|  79|0x000000008f300000, 0x000000008f300000, 0x000000008f400000|  0%| F|  |TAMS 0x000000008f300000| PB 0x000000008f300000| Untracked 
|  80|0x000000008f400000, 0x000000008f400000, 0x000000008f500000|  0%| F|  |TAMS 0x000000008f400000| PB 0x000000008f400000| Untracked 
|  81|0x000000008f500000, 0x000000008f500000, 0x000000008f600000|  0%| F|  |TAMS 0x000000008f500000| PB 0x000000008f500000| Untracked 
|  82|0x000000008f600000, 0x000000008f600000, 0x000000008f700000|  0%| F|  |TAMS 0x000000008f600000| PB 0x000000008f600000| Untracked 
|  83|0x000000008f700000, 0x000000008f700000, 0x000000008f800000|  0%| F|  |TAMS 0x000000008f700000| PB 0x000000008f700000| Untracked 
|  84|0x000000008f800000, 0x000000008f800000, 0x000000008f900000|  0%| F|  |TAMS 0x000000008f800000| PB 0x000000008f800000| Untracked 
|  85|0x000000008f900000, 0x000000008f900000, 0x000000008fa00000|  0%| F|  |TAMS 0x000000008f900000| PB 0x000000008f900000| Untracked 
|  86|0x000000008fa00000, 0x000000008fa00000, 0x000000008fb00000|  0%| F|  |TAMS 0x000000008fa00000| PB 0x000000008fa00000| Untracked 
|  87|0x000000008fb00000, 0x000000008fb00000, 0x000000008fc00000|  0%| F|  |TAMS 0x000000008fb00000| PB 0x000000008fb00000| Untracked 
|  88|0x000000008fc00000, 0x000000008fc00000, 0x000000008fd00000|  0%| F|  |TAMS 0x000000008fc00000| PB 0x000000008fc00000| Untracked 
|  89|0x000000008fd00000, 0x000000008fd00000, 0x000000008fe00000|  0%| F|  |TAMS 0x000000008fd00000| PB 0x000000008fd00000| Untracked 
|  90|0x000000008fe00000, 0x000000008fe00000, 0x000000008ff00000|  0%| F|  |TAMS 0x000000008fe00000| PB 0x000000008fe00000| Untracked 
|  91|0x000000008ff00000, 0x000000008ff00000, 0x0000000090000000|  0%| F|  |TAMS 0x000000008ff00000| PB 0x000000008ff00000| Untracked 
|  92|0x0000000090000000, 0x0000000090000000, 0x0000000090100000|  0%| F|  |TAMS 0x0000000090000000| PB 0x0000000090000000| Untracked 
|  93|0x0000000090100000, 0x0000000090100000, 0x0000000090200000|  0%| F|  |TAMS 0x0000000090100000| PB 0x0000000090100000| Untracked 
|  94|0x0000000090200000, 0x0000000090200000, 0x0000000090300000|  0%| F|  |TAMS 0x0000000090200000| PB 0x0000000090200000| Untracked 
|  95|0x0000000090300000, 0x0000000090300000, 0x0000000090400000|  0%| F|  |TAMS 0x0000000090300000| PB 0x0000000090300000| Untracked 
|  96|0x0000000090400000, 0x0000000090400000, 0x0000000090500000|  0%| F|  |TAMS 0x0000000090400000| PB 0x0000000090400000| Untracked 
|  97|0x0000000090500000, 0x0000000090500000, 0x0000000090600000|  0%| F|  |TAMS 0x0000000090500000| PB 0x0000000090500000| Untracked 
|  98|0x0000000090600000, 0x0000000090600000, 0x0000000090700000|  0%| F|  |TAMS 0x0000000090600000| PB 0x0000000090600000| Untracked 
|  99|0x0000000090700000, 0x0000000090700000, 0x0000000090800000|  0%| F|  |TAMS 0x0000000090700000| PB 0x0000000090700000| Untracked 
| 100|0x0000000090800000, 0x0000000090800000, 0x0000000090900000|  0%| F|  |TAMS 0x0000000090800000| PB 0x0000000090800000| Untracked 
| 101|0x0000000090900000, 0x0000000090900000, 0x0000000090a00000|  0%| F|  |TAMS 0x0000000090900000| PB 0x0000000090900000| Untracked 
| 102|0x0000000090a00000, 0x0000000090a00000, 0x0000000090b00000|  0%| F|  |TAMS 0x0000000090a00000| PB 0x0000000090a00000| Untracked 
| 103|0x0000000090b00000, 0x0000000090b00000, 0x0000000090c00000|  0%| F|  |TAMS 0x0000000090b00000| PB 0x0000000090b00000| Untracked 
| 104|0x0000000090c00000, 0x0000000090c00000, 0x0000000090d00000|  0%| F|  |TAMS 0x0000000090c00000| PB 0x0000000090c00000| Untracked 
| 105|0x0000000090d00000, 0x0000000090d76450, 0x0000000090e00000| 46%| E|  |TAMS 0x0000000090d00000| PB 0x0000000090d00000| Complete 
| 106|0x0000000090e00000, 0x0000000090f00000, 0x0000000090f00000|100%| E|CS|TAMS 0x0000000090e00000| PB 0x0000000090e00000| Complete 
| 107|0x0000000090f00000, 0x0000000091000000, 0x0000000091000000|100%| E|CS|TAMS 0x0000000090f00000| PB 0x0000000090f00000| Complete 
| 108|0x0000000091000000, 0x0000000091100000, 0x0000000091100000|100%| E|  |TAMS 0x0000000091000000| PB 0x0000000091000000| Complete 
| 109|0x0000000091100000, 0x0000000091200000, 0x0000000091200000|100%| E|CS|TAMS 0x0000000091100000| PB 0x0000000091100000| Complete 
| 110|0x0000000091200000, 0x0000000091300000, 0x0000000091300000|100%| E|CS|TAMS 0x0000000091200000| PB 0x0000000091200000| Complete 
| 111|0x0000000091300000, 0x0000000091400000, 0x0000000091400000|100%| E|CS|TAMS 0x0000000091300000| PB 0x0000000091300000| Complete 
| 112|0x0000000091400000, 0x0000000091500000, 0x0000000091500000|100%| E|CS|TAMS 0x0000000091400000| PB 0x0000000091400000| Complete 
| 113|0x0000000091500000, 0x0000000091600000, 0x0000000091600000|100%| E|CS|TAMS 0x0000000091500000| PB 0x0000000091500000| Complete 
| 114|0x0000000091600000, 0x0000000091700000, 0x0000000091700000|100%| E|CS|TAMS 0x0000000091600000| PB 0x0000000091600000| Complete 
| 115|0x0000000091700000, 0x0000000091800000, 0x0000000091800000|100%| E|CS|TAMS 0x0000000091700000| PB 0x0000000091700000| Complete 
| 116|0x0000000091800000, 0x0000000091900000, 0x0000000091900000|100%| E|CS|TAMS 0x0000000091800000| PB 0x0000000091800000| Complete 
| 117|0x0000000091900000, 0x0000000091a00000, 0x0000000091a00000|100%| E|CS|TAMS 0x0000000091900000| PB 0x0000000091900000| Complete 

Card table byte_map: [0x000001512ed40000,0x000001512f0f0000] _byte_map_base: 0x000001512e8ee000

Marking Bits: (CMBitMap*) 0x00000151173e37b0
 Bits: [0x000001512f4a0000, 0x0000015131210000)

Polling page: 0x00000151151c0000

Metaspace:

Usage:
  Non-class:      6.29 MB used.
      Class:    794.67 KB used.
       Both:      7.07 MB used.

Virtual space:
  Non-class space:       64.00 MB reserved,       6.38 MB ( 10%) committed,  1 nodes.
      Class space:        1.00 GB reserved,     896.00 KB ( <1%) committed,  1 nodes.
             Both:        1.06 GB reserved,       7.25 MB ( <1%) committed. 

Chunk freelists:
   Non-Class:  1.00 MB
       Class:  3.10 MB
        Both:  4.10 MB

MaxMetaspaceSize: unlimited
CompressedClassSpaceSize: 1.00 GB
Initial GC threshold: 21.00 MB
Current GC threshold: 21.00 MB
CDS: on
MetaspaceReclaimPolicy: balanced
 - commit_granule_bytes: 65536.
 - commit_granule_words: 8192.
 - virtual_space_node_default_size: 8388608.
 - enlarge_chunks_in_place: 1.
 - new_chunks_are_fully_committed: 0.
 - uncommit_free_chunks: 1.
 - use_allocation_guard: 0.


Internal statistics:

num_allocs_failed_limit: 0.
num_arena_births: 164.
num_arena_deaths: 0.
num_vsnodes_births: 2.
num_vsnodes_deaths: 0.
num_space_committed: 116.
num_space_uncommitted: 0.
num_chunks_returned_to_freelist: 0.
num_chunks_taken_from_freelist: 200.
num_chunk_merges: 0.
num_chunk_splits: 119.
num_chunks_enlarged: 49.
num_inconsistent_stats: 0.

CodeHeap 'non-profiled nmethods': size=120000Kb used=293Kb max_used=293Kb free=119706Kb
 bounds [0x0000015126f10000, 0x0000015127180000, 0x000001512e440000]
CodeHeap 'profiled nmethods': size=120000Kb used=1452Kb max_used=1452Kb free=118547Kb
 bounds [0x000001511f440000, 0x000001511f6b0000, 0x0000015126970000]
CodeHeap 'non-nmethods': size=5760Kb used=1606Kb max_used=1621Kb free=4153Kb
 bounds [0x0000015126970000, 0x0000015126be0000, 0x0000015126f10000]
 total_blobs=1563 nmethods=947 adapters=527
 compilation: enabled
              stopped_count=0, restarted_count=0
 full_count=0

Compilation events (20 events):
Event: 1.242 Thread 0x0000015133e6b0b0 nmethod 909 0x000001511f599d10 code [0x000001511f599ea0, 0x000001511f59a030]
Event: 1.242 Thread 0x0000015133e6b0b0  908       3       java.util.ArrayList::elementData (7 bytes)
Event: 1.242 Thread 0x0000015133e6b0b0 nmethod 908 0x000001511f59a110 code [0x000001511f59a2a0, 0x000001511f59a3d8]
Event: 1.242 Thread 0x0000015133e6b0b0  910   !   3       jdk.internal.logger.LazyLoggers$LazyLoggerAccessor::platform (103 bytes)
Event: 1.243 Thread 0x0000015133e6b0b0 nmethod 910 0x000001511f59a490 code [0x000001511f59a6c0, 0x000001511f59b3c0]
Event: 1.243 Thread 0x0000015133e6b0b0  911       3       jdk.internal.logger.SimpleConsoleLogger::isLoggable (29 bytes)
Event: 1.243 Thread 0x0000015133e6b0b0 nmethod 911 0x000001511f59b710 code [0x000001511f59b8c0, 0x000001511f59bc10]
Event: 1.243 Thread 0x0000015133e6b0b0  912       3       jdk.internal.logger.SimpleConsoleLogger::effectiveLevel (17 bytes)
Event: 1.243 Thread 0x0000015133e6b0b0 nmethod 912 0x000001511f59bd10 code [0x000001511f59bea0, 0x000001511f59c0d0]
Event: 1.244 Thread 0x0000015133e6b0b0  913       1       java.awt.AWTEvent::getID (5 bytes)
Event: 1.244 Thread 0x0000015133e6b0b0 nmethod 913 0x0000015126f57a90 code [0x0000015126f57c00, 0x0000015126f57cc8]
Event: 1.247 Thread 0x0000015133e6b0b0  914       3       java.util.ArrayList$Itr::hasNext (20 bytes)
Event: 1.247 Thread 0x0000015133e6b0b0 nmethod 914 0x000001511f59c190 code [0x000001511f59c320, 0x000001511f59c498]
Event: 1.247 Thread 0x0000015133e6b0b0  915       3       java.util.ArrayList::get (15 bytes)
Event: 1.248 Thread 0x0000015133e6b0b0 nmethod 915 0x000001511f59c590 code [0x000001511f59c740, 0x000001511f59c998]
Event: 1.248 Thread 0x0000015133e6b0b0  916       3       java.util.concurrent.locks.ReentrantLock$Sync::tryRelease (51 bytes)
Event: 1.249 Thread 0x0000015133e6b0b0 nmethod 916 0x000001511f59cb10 code [0x000001511f59ccc0, 0x000001511f59cff0]
Event: 1.254 Thread 0x0000015133e6b0b0  917       3       java.lang.Double::isNaN (12 bytes)
Event: 1.254 Thread 0x0000015133e6b0b0 nmethod 917 0x000001511f59d090 code [0x000001511f59d220, 0x000001511f59d390]
Event: 1.272 Thread 0x0000015138a81560  918       4       java.util.HashMap::getNode (150 bytes)

GC Heap History (0 events):
No events

Dll operation events (9 events):
Event: 0.012 Loaded shared library C:\Program Files\Java\jdk-20\bin\java.dll
Event: 0.029 Loaded shared library C:\Program Files\Java\jdk-20\bin\jsvml.dll
Event: 0.125 Loaded shared library C:\Program Files\Java\jdk-20\bin\net.dll
Event: 0.128 Loaded shared library C:\Program Files\Java\jdk-20\bin\nio.dll
Event: 0.188 Loaded shared library C:\Program Files\Java\jdk-20\bin\jimage.dll
Event: 0.220 Loaded shared library C:\Program Files\Java\jdk-20\bin\awt.dll
Event: 0.806 Loaded shared library C:\Program Files\Java\jdk-20\bin\zip.dll
Event: 1.030 Loaded shared library C:\Program Files\Java\jdk-20\bin\freetype.dll
Event: 1.031 Loaded shared library C:\Program Files\Java\jdk-20\bin\fontmanager.dll

Deoptimization events (20 events):
Event: 1.192 Thread 0x0000015138ddf270 Uncommon trap: trap_request=0xffffffde fr.pc=0x0000015126f40220 relative=0x0000000000000280
Event: 1.192 Thread 0x0000015138ddf270 Uncommon trap: reason=class_check action=maybe_recompile pc=0x0000015126f40220 method=java.util.HashMap.getNode(Ljava/lang/Object;)Ljava/util/HashMap$Node; @ 63 c2
Event: 1.192 Thread 0x0000015138ddf270 DEOPT PACKING pc=0x0000015126f40220 sp=0x0000003f48bfd540
Event: 1.193 Thread 0x0000015138ddf270 DEOPT UNPACKING pc=0x00000151269d9d22 sp=0x0000003f48bfd4a8 mode 2
Event: 1.195 Thread 0x0000015138ddf270 Uncommon trap: trap_request=0xffffffde fr.pc=0x0000015126f40220 relative=0x0000000000000280
Event: 1.195 Thread 0x0000015138ddf270 Uncommon trap: reason=class_check action=maybe_recompile pc=0x0000015126f40220 method=java.util.HashMap.getNode(Ljava/lang/Object;)Ljava/util/HashMap$Node; @ 63 c2
Event: 1.195 Thread 0x0000015138ddf270 DEOPT PACKING pc=0x0000015126f40220 sp=0x0000003f48bfd6c0
Event: 1.195 Thread 0x0000015138ddf270 DEOPT UNPACKING pc=0x00000151269d9d22 sp=0x0000003f48bfd628 mode 2
Event: 1.208 Thread 0x0000015138ddf270 Uncommon trap: trap_request=0xffffffde fr.pc=0x0000015126f40220 relative=0x0000000000000280
Event: 1.208 Thread 0x0000015138ddf270 Uncommon trap: reason=class_check action=maybe_recompile pc=0x0000015126f40220 method=java.util.HashMap.getNode(Ljava/lang/Object;)Ljava/util/HashMap$Node; @ 63 c2
Event: 1.208 Thread 0x0000015138ddf270 DEOPT PACKING pc=0x0000015126f40220 sp=0x0000003f48bfd6c0
Event: 1.208 Thread 0x0000015138ddf270 DEOPT UNPACKING pc=0x00000151269d9d22 sp=0x0000003f48bfd628 mode 2
Event: 1.224 Thread 0x0000015138ddf270 Uncommon trap: trap_request=0xffffffde fr.pc=0x0000015126f40220 relative=0x0000000000000280
Event: 1.224 Thread 0x0000015138ddf270 Uncommon trap: reason=class_check action=maybe_recompile pc=0x0000015126f40220 method=java.util.HashMap.getNode(Ljava/lang/Object;)Ljava/util/HashMap$Node; @ 63 c2
Event: 1.224 Thread 0x0000015138ddf270 DEOPT PACKING pc=0x0000015126f40220 sp=0x0000003f48bfd6c0
Event: 1.224 Thread 0x0000015138ddf270 DEOPT UNPACKING pc=0x00000151269d9d22 sp=0x0000003f48bfd628 mode 2
Event: 1.248 Thread 0x0000015138fd82e0 Uncommon trap: trap_request=0xffffff45 fr.pc=0x0000015126f475c0 relative=0x0000000000000040
Event: 1.248 Thread 0x0000015138fd82e0 Uncommon trap: reason=unstable_if action=reinterpret pc=0x0000015126f475c0 method=java.util.concurrent.locks.AbstractQueuedSynchronizer.signalNext(Ljava/util/concurrent/locks/AbstractQueuedSynchronizer$Node;)V @ 1 c2
Event: 1.248 Thread 0x0000015138fd82e0 DEOPT PACKING pc=0x0000015126f475c0 sp=0x0000003f48cff0e0
Event: 1.248 Thread 0x0000015138fd82e0 DEOPT UNPACKING pc=0x00000151269d9d22 sp=0x0000003f48cff070 mode 2

Classes loaded (20 events):
Event: 1.270 Loading class java/awt/Toolkit$SelectiveAWTEventListener
Event: 1.270 Loading class java/awt/Toolkit$SelectiveAWTEventListener done
Event: 1.270 Loading class java/awt/Toolkit$ToolkitEventMulticaster
Event: 1.270 Loading class java/awt/Toolkit$ToolkitEventMulticaster done
Event: 1.270 Loading class java/awt/im/InputContext
Event: 1.270 Loading class java/awt/im/InputContext done
Event: 1.270 Loading class sun/awt/im/InputMethodContext
Event: 1.271 Loading class java/awt/im/spi/InputMethodContext
Event: 1.271 Loading class java/awt/im/InputMethodRequests
Event: 1.271 Loading class java/awt/im/InputMethodRequests done
Event: 1.271 Loading class java/awt/im/spi/InputMethodContext done
Event: 1.271 Loading class sun/awt/im/InputContext
Event: 1.272 Loading class sun/awt/im/InputContext done
Event: 1.272 Loading class sun/awt/im/InputMethodContext done
Event: 1.272 Loading class sun/awt/windows/WInputMethod
Event: 1.274 Loading class sun/awt/im/InputMethodAdapter
Event: 1.274 Loading class java/awt/im/spi/InputMethod
Event: 1.274 Loading class java/awt/im/spi/InputMethod done
Event: 1.274 Loading class sun/awt/im/InputMethodAdapter done
Event: 1.274 Loading class sun/awt/windows/WInputMethod done

Classes unloaded (0 events):
No events

Classes redefined (0 events):
No events

Internal exceptions (16 events):
Event: 0.130 Thread 0x0000015117386630 Exception <a 'sun/nio/fs/WindowsException'{0x00000000918435f8}> (0x00000000918435f8) 
thrown [s\open\src\hotspot\share\prims\jni.cpp, line 519]
Event: 0.133 Thread 0x0000015117386630 Exception <a 'sun/nio/fs/WindowsException'{0x0000000091845bf8}> (0x0000000091845bf8) 
thrown [s\open\src\hotspot\share\prims\jni.cpp, line 519]
Event: 0.135 Thread 0x0000015117386630 Exception <a 'sun/nio/fs/WindowsException'{0x0000000091846808}> (0x0000000091846808) 
thrown [s\open\src\hotspot\share\prims\jni.cpp, line 519]
Event: 0.136 Thread 0x0000015117386630 Exception <a 'sun/nio/fs/WindowsException'{0x0000000091847820}> (0x0000000091847820) 
thrown [s\open\src\hotspot\share\prims\jni.cpp, line 519]
Event: 0.201 Thread 0x0000015117386630 Exception <a 'java/lang/ClassNotFoundException'{0x000000009176f5f0}: sun/awt/resources/spi/awtProvider> (0x000000009176f5f0) 
thrown [s\open\src\hotspot\share\classfile\systemDictionary.cpp, line 305]
Event: 0.251 Thread 0x0000015117386630 Exception <a 'java/io/FileNotFoundException'{0x00000000917c6060}> (0x00000000917c6060) 
thrown [s\open\src\hotspot\share\prims\jni.cpp, line 519]
Event: 0.271 Thread 0x0000015117386630 Exception <a 'java/io/FileNotFoundException'{0x00000000917f02f0}> (0x00000000917f02f0) 
thrown [s\open\src\hotspot\share\prims\jni.cpp, line 519]
Event: 0.647 Thread 0x0000015117386630 Exception <a 'java/lang/NoSuchMethodError'{0x000000009150fca8}: 'void java.lang.invoke.DirectMethodHandle$Holder.invokeSpecial(java.lang.Object, java.lang.Object, java.lang.Object)'> (0x000000009150fca8) 
thrown [s\open\src\hotspot\share\interpreter\linkResolver.cpp, line 773]
Event: 0.666 Thread 0x0000015117386630 Exception <a 'java/lang/NoSuchMethodError'{0x000000009153a428}: 'java.lang.Object java.lang.invoke.DirectMethodHandle$Holder.newInvokeSpecial(java.lang.Object, java.lang.Object, java.lang.Object, java.lang.Object, java.lang.Object)'> (0x000000009153a428) 
thrown [s\open\src\hotspot\share\interpreter\linkResolver.cpp, line 773]
Event: 0.681 Thread 0x0000015117386630 Exception <a 'java/lang/NoSuchMethodError'{0x000000009156acd0}: 'java.lang.Object java.lang.invoke.DirectMethodHandle$Holder.invokeStatic(java.lang.Object, int, java.lang.Object)'> (0x000000009156acd0) 
thrown [s\open\src\hotspot\share\interpreter\linkResolver.cpp, line 773]
Event: 0.726 Thread 0x0000015117386630 Exception <a 'java/lang/ClassNotFoundException'{0x00000000914265b0}: com/sun/swing/internal/plaf/metal/resources/spi/metalProvider> (0x00000000914265b0) 
thrown [s\open\src\hotspot\share\classfile\systemDictionary.cpp, line 305]
Event: 0.727 Thread 0x0000015117386630 Exception <a 'java/lang/ClassNotFoundException'{0x000000009142a560}: com/sun/swing/internal/plaf/basic/resources/spi/basicProvider> (0x000000009142a560) 
thrown [s\open\src\hotspot\share\classfile\systemDictionary.cpp, line 305]
Event: 0.747 Thread 0x0000015117386630 Exception <a 'java/lang/NoSuchMethodError'{0x0000000091449760}: 'int java.lang.invoke.Invokers$Holder.invokeExact_MT(java.lang.Object, java.lang.Object)'> (0x0000000091449760) 
thrown [s\open\src\hotspot\share\interpreter\linkResolver.cpp, line 773]
Event: 0.884 Thread 0x0000015138a5e8f0 Exception <a 'java/lang/NoSuchMethodError'{0x0000000091224c78}: 'java.lang.Object java.lang.invoke.DirectMethodHandle$Holder.newInvokeSpecial(java.lang.Object, java.lang.Object, java.lang.Object, int, int, int, int, int)'> (0x0000000091224c78) 
thrown [s\open\src\hotspot\share\interpreter\linkResolver.cpp, line 773]
Event: 1.004 Thread 0x0000015138331bf0 Exception <a 'java/lang/NoSuchMethodError'{0x00000000916fbdf0}: 'void java.lang.invoke.DirectMethodHandle$Holder.invokeVirtual(java.lang.Object, java.lang.Object)'> (0x00000000916fbdf0) 
thrown [s\open\src\hotspot\share\interpreter\linkResolver.cpp, line 773]
Event: 1.026 Thread 0x0000015117386630 Exception <a 'java/lang/NoSuchMethodError'{0x0000000090e91db0}: 'void java.lang.invoke.DirectMethodHandle$Holder.invokeStaticInit(java.lang.Object)'> (0x0000000090e91db0) 
thrown [s\open\src\hotspot\share\interpreter\linkResolver.cpp, line 773]

VM Operations (10 events):
Event: 0.139 Executing VM operation: HandshakeAllThreads
Event: 0.139 Executing VM operation: HandshakeAllThreads done
Event: 0.290 Executing VM operation: HandshakeAllThreads
Event: 0.290 Executing VM operation: HandshakeAllThreads done
Event: 0.859 Executing VM operation: HandshakeAllThreads
Event: 0.859 Executing VM operation: HandshakeAllThreads done
Event: 0.932 Executing VM operation: HandshakeAllThreads
Event: 0.932 Executing VM operation: HandshakeAllThreads done
Event: 0.985 Executing VM operation: HandshakeAllThreads
Event: 0.985 Executing VM operation: HandshakeAllThreads done

Events (20 events):
Event: 0.029 Thread 0x0000015117386630 Thread added: 0x0000015117386630
Event: 0.055 Thread 0x0000015133e54930 Thread added: 0x0000015133e54930
Event: 0.055 Thread 0x0000015133e55310 Thread added: 0x0000015133e55310
Event: 0.056 Thread 0x0000015133e5b010 Thread added: 0x0000015133e5b010
Event: 0.056 Thread 0x0000015133e5bbb0 Thread added: 0x0000015133e5bbb0
Event: 0.056 Thread 0x0000015133e5dc70 Thread added: 0x0000015133e5dc70
Event: 0.057 Thread 0x0000015133e5e5b0 Thread added: 0x0000015133e5e5b0
Event: 0.057 Thread 0x0000015133e67230 Thread added: 0x0000015133e67230
Event: 0.057 Thread 0x0000015133e6b0b0 Thread added: 0x0000015133e6b0b0
Event: 0.099 Thread 0x000001513808a560 Thread added: 0x000001513808a560
Event: 0.162 Thread 0x0000015138192c50 Thread added: 0x0000015138192c50
Event: 0.371 Thread 0x000001513826b1d0 Thread added: 0x000001513826b1d0
Event: 0.375 Thread 0x000001513832e9c0 Thread added: 0x000001513832e9c0
Event: 0.381 Thread 0x0000015138331bf0 Thread added: 0x0000015138331bf0
Event: 0.763 Thread 0x0000015138a5e8f0 Thread added: 0x0000015138a5e8f0
Event: 0.830 Thread 0x0000015138a81560 Thread added: 0x0000015138a81560
Event: 1.002 Thread 0x0000015138ddf270 Thread added: 0x0000015138ddf270
Event: 1.132 Thread 0x0000015117386630 Thread exited: 0x0000015117386630
Event: 1.132 Thread 0x0000015117386630 Thread added: 0x0000015117386630
Event: 1.144 Thread 0x0000015138fd82e0 Thread added: 0x0000015138fd82e0


Dynamic libraries:
0x00007ff7f3b60000 - 0x00007ff7f3b70000 	C:\Program Files\Java\jdk-20\bin\java.exe
0x00007ffd0ab70000 - 0x00007ffd0ad84000 	C:\WINDOWS\SYSTEM32\ntdll.dll
0x00007ffd09cc0000 - 0x00007ffd09d82000 	C:\WINDOWS\System32\KERNEL32.DLL
0x00007ffd07f90000 - 0x00007ffd08333000 	C:\WINDOWS\System32\KERNELBASE.dll
0x00007ffd08850000 - 0x00007ffd08961000 	C:\WINDOWS\System32\ucrtbase.dll
0x00007ffcf62d0000 - 0x00007ffcf62e9000 	C:\Program Files\Java\jdk-20\bin\jli.dll
0x00007ffd038d0000 - 0x00007ffd038eb000 	C:\Program Files\Java\jdk-20\bin\VCRUNTIME140.dll
0x00007ffd0a800000 - 0x00007ffd0a8ae000 	C:\WINDOWS\System32\ADVAPI32.dll
0x00007ffd0a220000 - 0x00007ffd0a2c7000 	C:\WINDOWS\System32\msvcrt.dll
0x00007ffd0a8b0000 - 0x00007ffd0a954000 	C:\WINDOWS\System32\sechost.dll
0x00007ffd0aa10000 - 0x00007ffd0ab27000 	C:\WINDOWS\System32\RPCRT4.dll
0x00007ffd09e20000 - 0x00007ffd09fcb000 	C:\WINDOWS\System32\USER32.dll
0x00007ffd08470000 - 0x00007ffd08496000 	C:\WINDOWS\System32\win32u.dll
0x00007ffcda2e0000 - 0x00007ffcda56e000 	C:\WINDOWS\WinSxS\amd64_microsoft.windows.common-controls_6595b64144ccf1df_6.0.22621.1635_none_270f70857386168e\COMCTL32.dll
0x00007ffd0a0d0000 - 0x00007ffd0a0f9000 	C:\WINDOWS\System32\GDI32.dll
0x00007ffd08690000 - 0x00007ffd087a8000 	C:\WINDOWS\System32\gdi32full.dll
0x00007ffd087b0000 - 0x00007ffd0884a000 	C:\WINDOWS\System32\msvcp_win.dll
0x00007ffcff5d0000 - 0x00007ffcff5da000 	C:\WINDOWS\SYSTEM32\VERSION.dll
0x00007ffd0a7c0000 - 0x00007ffd0a7f1000 	C:\WINDOWS\System32\IMM32.DLL
0x00007ffd03750000 - 0x00007ffd0375c000 	C:\Program Files\Java\jdk-20\bin\vcruntime140_1.dll
0x00007ffcf4fc0000 - 0x00007ffcf504e000 	C:\Program Files\Java\jdk-20\bin\msvcp140.dll
0x00007ffcedc50000 - 0x00007ffcee8e7000 	C:\Program Files\Java\jdk-20\bin\server\jvm.dll
0x00007ffd01dc0000 - 0x00007ffd01dc9000 	C:\WINDOWS\SYSTEM32\WSOCK32.dll
0x00007ffd09da0000 - 0x00007ffd09e11000 	C:\WINDOWS\System32\WS2_32.dll
0x00007ffd00900000 - 0x00007ffd00934000 	C:\WINDOWS\SYSTEM32\WINMM.dll
0x00007ffd06fc0000 - 0x00007ffd06fd8000 	C:\WINDOWS\SYSTEM32\kernel.appcore.dll
0x00007ffd03740000 - 0x00007ffd0374a000 	C:\Program Files\Java\jdk-20\bin\jimage.dll
0x00007ffcfc5e0000 - 0x00007ffcfc80e000 	C:\WINDOWS\SYSTEM32\DBGHELP.DLL
0x00007ffd0a350000 - 0x00007ffd0a6d9000 	C:\WINDOWS\System32\combase.dll
0x00007ffd0a6e0000 - 0x00007ffd0a7b7000 	C:\WINDOWS\System32\OLEAUT32.dll
0x00007ffcf92c0000 - 0x00007ffcf92f2000 	C:\WINDOWS\SYSTEM32\dbgcore.DLL
0x00007ffd08610000 - 0x00007ffd0868b000 	C:\WINDOWS\System32\bcryptPrimitives.dll
0x00007ffcfa130000 - 0x00007ffcfa156000 	C:\Program Files\Java\jdk-20\bin\java.dll
0x00007ffcf5930000 - 0x00007ffcf5a07000 	C:\Program Files\Java\jdk-20\bin\jsvml.dll
0x00007ffd08d10000 - 0x00007ffd0950a000 	C:\WINDOWS\System32\SHELL32.dll
0x00007ffd05f40000 - 0x00007ffd0680e000 	C:\WINDOWS\SYSTEM32\windows.storage.dll
0x00007ffd05e00000 - 0x00007ffd05f3e000 	C:\WINDOWS\SYSTEM32\wintypes.dll
0x00007ffd096b0000 - 0x00007ffd097a1000 	C:\WINDOWS\System32\SHCORE.dll
0x00007ffd0a2f0000 - 0x00007ffd0a34e000 	C:\WINDOWS\System32\shlwapi.dll
0x00007ffd07ec0000 - 0x00007ffd07ee1000 	C:\WINDOWS\SYSTEM32\profapi.dll
0x00007ffd03610000 - 0x00007ffd03623000 	C:\Program Files\Java\jdk-20\bin\net.dll
0x00007ffd007c0000 - 0x00007ffd008f7000 	C:\WINDOWS\SYSTEM32\WINHTTP.dll
0x00007ffd07450000 - 0x00007ffd074b9000 	C:\WINDOWS\system32\mswsock.dll
0x00007ffd02f80000 - 0x00007ffd02f96000 	C:\Program Files\Java\jdk-20\bin\nio.dll
0x00007ffcef5e0000 - 0x00007ffcef771000 	C:\Program Files\Java\jdk-20\bin\awt.dll
0x00007ffd05380000 - 0x00007ffd05417000 	C:\WINDOWS\SYSTEM32\apphelp.dll
0x00007ffd057a0000 - 0x00007ffd057cb000 	C:\WINDOWS\system32\DWMAPI.DLL
0x00007ffd05540000 - 0x00007ffd055eb000 	C:\WINDOWS\system32\uxtheme.dll
0x00007ffc9d0a0000 - 0x00007ffc9d1a0000 	C:\WINDOWS\system32\opengl32.dll
0x00007ffc9cd30000 - 0x00007ffc9cd5d000 	C:\WINDOWS\SYSTEM32\GLU32.dll
0x00007ffd05650000 - 0x00007ffd05686000 	C:\WINDOWS\SYSTEM32\dxcore.dll
0x00007ffd0a100000 - 0x00007ffd0a21e000 	C:\WINDOWS\System32\MSCTF.dll
0x00007ffd09510000 - 0x00007ffd096ac000 	C:\WINDOWS\System32\ole32.dll
0x00007ffc9cd90000 - 0x00007ffc9cf39000 	C:\WINDOWS\system32\d3d9.dll
0x00007ffcfd330000 - 0x00007ffcfd50b000 	C:\Windows\System32\DriverStore\FileRepository\u0360754.inf_amd64_7d6765da852a002c\B360708\aticfx64.dll
0x00007ffcc11d0000 - 0x00007ffcc1203000 	C:\Windows\System32\DriverStore\FileRepository\u0360754.inf_amd64_7d6765da852a002c\B360708\atiu9p64.dll
0x00007ffc58340000 - 0x00007ffc5904c000 	C:\Windows\System32\DriverStore\FileRepository\u0360754.inf_amd64_7d6765da852a002c\B360708\atiumd64.dll
0x0000000076540000 - 0x00000000773fc000 	C:\WINDOWS\System32\DriverStore\FileRepository\u0360754.inf_amd64_7d6765da852a002c\B360708\atiumd6a.dll
0x00007ffd07cb0000 - 0x00007ffd07cfd000 	C:\WINDOWS\SYSTEM32\POWRPROF.dll
0x00007ffd07c90000 - 0x00007ffd07ca3000 	C:\WINDOWS\SYSTEM32\UMPDC.dll
0x00007ffcfc190000 - 0x00007ffcfc1bf000 	C:\WINDOWS\SYSTEM32\amdihk64.dll
0x00007ffd01810000 - 0x00007ffd01858000 	C:\WINDOWS\SYSTEM32\directxdatabasehelper.dll
0x00007ffcf6250000 - 0x00007ffcf6268000 	C:\Program Files\Java\jdk-20\bin\zip.dll
0x00007ffcf1120000 - 0x00007ffcf11a6000 	C:\Program Files\Java\jdk-20\bin\freetype.dll
0x00007ffcef510000 - 0x00007ffcef5d6000 	C:\Program Files\Java\jdk-20\bin\fontmanager.dll
0x00007ffce5b10000 - 0x00007ffce5c3d000 	C:\WINDOWS\SYSTEM32\textinputframework.dll

dbghelp: loaded successfully - version: 4.0.5 - missing functions: none
symbol engine: initialized successfully - sym options: 0x614 - pdb path: .;C:\Program Files\Java\jdk-20\bin;C:\WINDOWS\SYSTEM32;C:\WINDOWS\WinSxS\amd64_microsoft.windows.common-controls_6595b64144ccf1df_6.0.22621.1635_none_270f70857386168e;C:\Program Files\Java\jdk-20\bin\server;C:\Windows\System32\DriverStore\FileRepository\u0360754.inf_amd64_7d6765da852a002c\B360708

VM Arguments:
jvm_args: -Dfile.encoding=UTF-8 --module-path=C:\Users\acer\Dropbox\PC\Documents\NetBeansProjects\Quiz Application\build\classes 
java_command: quiz.application.Score
java_class_path (initial): C:\Users\acer\Dropbox\PC\Documents\NetBeansProjects\Quiz Application\build\classes
Launcher Type: SUN_STANDARD

[Global flags]
     intx CICompilerCount                          = 4                                         {product} {ergonomic}
     uint ConcGCThreads                            = 3                                         {product} {ergonomic}
     uint G1ConcRefinementThreads                  = 10                                        {product} {ergonomic}
   size_t G1HeapRegionSize                         = 1048576                                   {product} {ergonomic}
    uintx GCDrainStackTargetSize                   = 64                                        {product} {ergonomic}
   size_t InitialHeapSize                          = 123731968                                 {product} {ergonomic}
   size_t MarkStackSize                            = 4194304                                   {product} {ergonomic}
   size_t MaxHeapSize                              = 1975517184                                {product} {ergonomic}
   size_t MaxNewSize                               = 1184890880                                {product} {ergonomic}
   size_t MinHeapDeltaBytes                        = 1048576                                   {product} {ergonomic}
   size_t MinHeapSize                              = 8388608                                   {product} {ergonomic}
    uintx NonNMethodCodeHeapSize                   = 5839372                                {pd product} {ergonomic}
    uintx NonProfiledCodeHeapSize                  = 122909434                              {pd product} {ergonomic}
    uintx ProfiledCodeHeapSize                     = 122909434                              {pd product} {ergonomic}
    uintx ReservedCodeCacheSize                    = 251658240                              {pd product} {ergonomic}
     bool SegmentedCodeCache                       = true                                      {product} {ergonomic}
   size_t SoftMaxHeapSize                          = 1975517184                             {manageable} {ergonomic}
     bool UseCompressedClassPointers               = true                           {product lp64_product} {ergonomic}
     bool UseCompressedOops                        = true                           {product lp64_product} {ergonomic}
     bool UseG1GC                                  = true                                      {product} {ergonomic}
     bool UseLargePagesIndividualAllocation        = false                                  {pd product} {ergonomic}

Logging:
Log output configuration:
 #0: stdout all=warning uptime,level,tags foldmultilines=false
 #1: stderr all=off uptime,level,tags foldmultilines=false

Environment Variables:
JAVA_HOME=C:\Users\acer\AppData\Local\Programs\Eclipse Adoptium\jdk-17.0.7.7-hotspot\
PATH=C:\Program Files\Common Files\Oracle\Java\javapath;C:\WINDOWS\system32;C:\WINDOWS;C:\WINDOWS\System32\Wbem;C:\WINDOWS\System32\WindowsPowerShell\v1.0\;C:\WINDOWS\System32\OpenSSH\;C:\MinGW\bin;C:\Program Files\Java\jdk-20\bin;C:\Program Files\MySQL\MySQL Server 8.0\bin;C:\Program Files\MySQL\MySQL Shell 8.0\bin\;C:\Users\acer\AppData\Local\Programs\Eclipse Adoptium\jdk-17.0.7.7-hotspot\bin;C:\Users\acer\AppData\Local\Microsoft\WindowsApps;C:\Users\acer\AppData\Local\Programs\MiKTeX\miktex\bin\x64\;C:\Users\acer\AppData\Local\Programs\Microsoft VS Code\bin
USERNAME=acer
OS=Windows_NT
PROCESSOR_IDENTIFIER=AMD64 Family 23 Model 104 Stepping 1, AuthenticAMD
TMP=C:\Users\acer\AppData\Local\Temp
TEMP=C:\Users\acer\AppData\Local\Temp




---------------  S Y S T E M  ---------------

OS:
 Windows 11 , 64 bit Build 22621 (10.0.22621.1635)
OS uptime: 1 days 2:47 hours
Hyper-V role detected

CPU: total 12 (initial active 12) (12 cores per cpu, 2 threads per core) family 23 model 104 stepping 1 microcode 0x0, cx8, cmov, fxsr, ht, mmx, 3dnowpref, sse, sse2, sse3, ssse3, sse4a, sse4.1, sse4.2, popcnt, lzcnt, tsc, tscinvbit, avx, avx2, aes, clmul, bmi1, bmi2, adx, sha, fma, vzeroupper, clflush, clflushopt, hv, rdtscp, rdpid, f16c

Memory: 4k page, system-wide physical 7530M (845M free)
TotalPageFile size 27165M (AvailPageFile size 54M)
current process WorkingSet (physical memory assigned to process): 92M, peak: 92M
current process commit charge ("private bytes"): 250M, peak: 251M

vm_info: Java HotSpot(TM) 64-Bit Server VM (20.0.1+9-29) for windows-amd64 JRE (20.0.1+9-29), built on 2023-03-07T13:56:11Z by "mach5one" with MS VC++ 17.1 (VS2022)

END.
