#
# There is insufficient memory for the Java Runtime Environment to continue.
# Native memory allocation (mmap) failed to map 123731968 bytes for G1 virtual space
# Possible reasons:
#   The system is out of physical RAM or swap space
#   The process is running with CompressedOops enabled, and the Java Heap may be blocking the growth of the native heap
# Possible solutions:
#   Reduce memory load on the system
#   Increase physical memory or swap space
#   Check if swap backing store is full
#   Decrease Java heap size (-Xmx/-Xms)
#   Decrease number of Java threads
#   Decrease Java thread stack sizes (-Xss)
#   Set larger code cache with -XX:ReservedCodeCacheSize=
#   JVM is running with Unscaled Compressed Oops mode in which the Java heap is
#     placed in the first 4GB address space. The Java Heap base address is the
#     maximum limit for the native heap growth. Please use -XX:HeapBaseMinAddress
#     to set the Java Heap base and to place the Java Heap above 4GB virtual address.
# This output file may be truncated or incomplete.
#
#  Out of Memory Error (os_windows.cpp:3528), pid=26188, tid=25400
#
# JRE version:  (20.0.1+9) (build )
# Java VM: Java HotSpot(TM) 64-Bit Server VM (20.0.1+9-29, mixed mode, sharing, tiered, compressed oops, compressed class ptrs, g1 gc, windows-amd64)
# No core dump will be written. Minidumps are not enabled by default on client versions of Windows
#

---------------  S U M M A R Y ------------

Command Line: -Dfile.encoding=UTF-8 --module-path=C:\Users\acer\Dropbox\PC\Documents\NetBeansProjects\Quiz Application\build\classes quiz.application.Score

Host: AMD Ryzen 5 5500U with Radeon Graphics         , 12 cores, 7G,  Windows 11 , 64 bit Build 22621 (10.0.22621.1635)
Time: Sat Jun  3 02:14:06 2023 Bangladesh Standard Time elapsed time: 0.034040 seconds (0d 0h 0m 0s)

---------------  T H R E A D  ---------------

Current thread (0x000001f2cc537930):  JavaThread "Unknown thread" [_thread_in_vm, id=25400, stack(0x000000ac62000000,0x000000ac62100000)]

Stack: [0x000000ac62000000,0x000000ac62100000]
Native frames: (J=compiled Java code, j=interpreted, Vv=VM code, C=native code)
V  [jvm.dll+0x6bb95a]
V  [jvm.dll+0x8485fa]
V  [jvm.dll+0x84a1f5]
V  [jvm.dll+0x84a8f3]
V  [jvm.dll+0x280b0f]
V  [jvm.dll+0x6b86e9]
V  [jvm.dll+0x6ad2da]
V  [jvm.dll+0x35adf5]
V  [jvm.dll+0x363016]
V  [jvm.dll+0x3b3b3e]
V  [jvm.dll+0x3b3dc5]
V  [jvm.dll+0x32b50a]
V  [jvm.dll+0x32c32b]
V  [jvm.dll+0x8112bf]
V  [jvm.dll+0x3c0d91]
V  [jvm.dll+0x7fcfe3]
V  [jvm.dll+0x44c76f]
V  [jvm.dll+0x44e0e1]
C  [jli.dll+0x5287]
C  [ucrtbase.dll+0x29363]
C  [KERNEL32.DLL+0x126ad]
C  [ntdll.dll+0x5a9f8]


---------------  P R O C E S S  ---------------

Threads class SMR info:
_java_thread_list=0x00007ffcee7aa098, length=0, elements={
}

Java Threads: ( => current thread )

Other Threads:
  0x000001f2cc5932e0 WorkerThread "GC Thread#0" [stack: 0x000000ac62100000,0x000000ac62200000] [id=21072]
  0x000001f2cc5a2d70 ConcurrentGCThread "G1 Main Marker" [stack: 0x000000ac62200000,0x000000ac62300000] [id=8680]
  0x000001f2cc5a4950 WorkerThread "G1 Conc#0" [stack: 0x000000ac62300000,0x000000ac62400000] [id=24388]

[error occurred during error reporting (printing all threads), id 0xc0000005, EXCEPTION_ACCESS_VIOLATION (0xc0000005) at pc=0x00007ffcedf8eb47]
VM state: not at safepoint (not fully initialized)

VM Mutex/Monitor currently owned by a thread:  ([mutex/lock_event])
[0x000001f2cc5336f0] Heap_lock - owner thread: 0x000001f2cc537930

Heap address: 0x000000008a400000, size: 1884 MB, Compressed Oops mode: 32-bit

CDS archive(s) mapped at: [0x0000000000000000-0x0000000000000000-0x0000000000000000), size 0, SharedBaseAddress: 0x0000000800000000, ArchiveRelocationMode: 0.
Narrow klass base: 0x0000000000000000, Narrow klass shift: 0, Narrow klass range: 0x0

GC Precious Log:
 CardTable entry size: 512
 Card Set container configuration: InlinePtr #cards 5 size 8 Array Of Cards #cards 12 size 40 Howl #buckets 4 coarsen threshold 1843 Howl Bitmap #cards 512 size 80 coarsen threshold 460 Card regions per heap region 1 cards per card region 2048

Heap:
 garbage-first heap   total 0K, used 0K [0x000000008a400000, 0x0000000100000000)
  region size 1024K, 0 young (0K), 0 survivors (0K)

[error occurred during error reporting (printing heap information), id 0xc0000005, EXCEPTION_ACCESS_VIOLATION (0xc0000005) at pc=0x00007ffcee363c59]
GC Heap History (0 events):
No events

Dll operation events (1 events):
Event: 0.010 Loaded shared library C:\Program Files\Java\jdk-20\bin\java.dll

Deoptimization events (0 events):
No events

Classes loaded (0 events):
No events

Classes unloaded (0 events):
No events

Classes redefined (0 events):
No events

Internal exceptions (0 events):
No events

VM Operations (0 events):
No events

Events (0 events):
No events


Dynamic libraries:
0x00007ff7f3b60000 - 0x00007ff7f3b70000 	C:\Program Files\Java\jdk-20\bin\java.exe
0x00007ffd0ab70000 - 0x00007ffd0ad84000 	C:\WINDOWS\SYSTEM32\ntdll.dll
0x00007ffd09cc0000 - 0x00007ffd09d82000 	C:\WINDOWS\System32\KERNEL32.DLL
0x00007ffd07f90000 - 0x00007ffd08333000 	C:\WINDOWS\System32\KERNELBASE.dll
0x00007ffd08850000 - 0x00007ffd08961000 	C:\WINDOWS\System32\ucrtbase.dll
0x00007ffd038d0000 - 0x00007ffd038eb000 	C:\Program Files\Java\jdk-20\bin\VCRUNTIME140.dll
0x00007ffcf62d0000 - 0x00007ffcf62e9000 	C:\Program Files\Java\jdk-20\bin\jli.dll
0x00007ffd0a800000 - 0x00007ffd0a8ae000 	C:\WINDOWS\System32\ADVAPI32.dll
0x00007ffd0a220000 - 0x00007ffd0a2c7000 	C:\WINDOWS\System32\msvcrt.dll
0x00007ffd0a8b0000 - 0x00007ffd0a954000 	C:\WINDOWS\System32\sechost.dll
0x00007ffd0aa10000 - 0x00007ffd0ab27000 	C:\WINDOWS\System32\RPCRT4.dll
0x00007ffd09e20000 - 0x00007ffd09fcb000 	C:\WINDOWS\System32\USER32.dll
0x00007ffd08470000 - 0x00007ffd08496000 	C:\WINDOWS\System32\win32u.dll
0x00007ffcda2e0000 - 0x00007ffcda56e000 	C:\WINDOWS\WinSxS\amd64_microsoft.windows.common-controls_6595b64144ccf1df_6.0.22621.1635_none_270f70857386168e\COMCTL32.dll
0x00007ffd0a0d0000 - 0x00007ffd0a0f9000 	C:\WINDOWS\System32\GDI32.dll
0x00007ffd08690000 - 0x00007ffd087a8000 	C:\WINDOWS\System32\gdi32full.dll
0x00007ffd087b0000 - 0x00007ffd0884a000 	C:\WINDOWS\System32\msvcp_win.dll
0x00007ffcff5d0000 - 0x00007ffcff5da000 	C:\WINDOWS\SYSTEM32\VERSION.dll
0x00007ffd0a7c0000 - 0x00007ffd0a7f1000 	C:\WINDOWS\System32\IMM32.DLL
0x00007ffd03750000 - 0x00007ffd0375c000 	C:\Program Files\Java\jdk-20\bin\vcruntime140_1.dll
0x00007ffcf4fc0000 - 0x00007ffcf504e000 	C:\Program Files\Java\jdk-20\bin\msvcp140.dll
0x00007ffcedc50000 - 0x00007ffcee8e7000 	C:\Program Files\Java\jdk-20\bin\server\jvm.dll
0x00007ffd00900000 - 0x00007ffd00934000 	C:\WINDOWS\SYSTEM32\WINMM.dll
0x00007ffd01dc0000 - 0x00007ffd01dc9000 	C:\WINDOWS\SYSTEM32\WSOCK32.dll
0x00007ffd09da0000 - 0x00007ffd09e11000 	C:\WINDOWS\System32\WS2_32.dll
0x00007ffd06fc0000 - 0x00007ffd06fd8000 	C:\WINDOWS\SYSTEM32\kernel.appcore.dll
0x00007ffd03740000 - 0x00007ffd0374a000 	C:\Program Files\Java\jdk-20\bin\jimage.dll
0x00007ffcfc5e0000 - 0x00007ffcfc80e000 	C:\WINDOWS\SYSTEM32\DBGHELP.DLL
0x00007ffd0a350000 - 0x00007ffd0a6d9000 	C:\WINDOWS\System32\combase.dll
0x00007ffd0a6e0000 - 0x00007ffd0a7b7000 	C:\WINDOWS\System32\OLEAUT32.dll
0x00007ffcf92c0000 - 0x00007ffcf92f2000 	C:\WINDOWS\SYSTEM32\dbgcore.DLL
0x00007ffd08610000 - 0x00007ffd0868b000 	C:\WINDOWS\System32\bcryptPrimitives.dll
0x00007ffcfa130000 - 0x00007ffcfa156000 	C:\Program Files\Java\jdk-20\bin\java.dll

dbghelp: loaded successfully - version: 4.0.5 - missing functions: none
symbol engine: initialized successfully - sym options: 0x614 - pdb path: .;C:\Program Files\Java\jdk-20\bin;C:\WINDOWS\SYSTEM32;C:\WINDOWS\WinSxS\amd64_microsoft.windows.common-controls_6595b64144ccf1df_6.0.22621.1635_none_270f70857386168e;C:\Program Files\Java\jdk-20\bin\server

VM Arguments:
jvm_args: -Dfile.encoding=UTF-8 --module-path=C:\Users\acer\Dropbox\PC\Documents\NetBeansProjects\Quiz Application\build\classes 
java_command: quiz.application.Score
java_class_path (initial): C:\Users\acer\Dropbox\PC\Documents\NetBeansProjects\Quiz Application\build\classes
Launcher Type: SUN_STANDARD

[Global flags]
     intx CICompilerCount                          = 4                                         {product} {ergonomic}
     uint ConcGCThreads                            = 3                                         {product} {ergonomic}
     uint G1ConcRefinementThreads                  = 10                                        {product} {ergonomic}
   size_t G1HeapRegionSize                         = 1048576                                   {product} {ergonomic}
    uintx GCDrainStackTargetSize                   = 64                                        {product} {ergonomic}
   size_t InitialHeapSize                          = 123731968                                 {product} {ergonomic}
   size_t MarkStackSize                            = 4194304                                   {product} {ergonomic}
   size_t MaxHeapSize                              = 1975517184                                {product} {ergonomic}
   size_t MinHeapDeltaBytes                        = 1048576                                   {product} {ergonomic}
   size_t MinHeapSize                              = 8388608                                   {product} {ergonomic}
    uintx NonNMethodCodeHeapSize                   = 5839372                                {pd product} {ergonomic}
    uintx NonProfiledCodeHeapSize                  = 122909434                              {pd product} {ergonomic}
    uintx ProfiledCodeHeapSize                     = 122909434                              {pd product} {ergonomic}
    uintx ReservedCodeCacheSize                    = 251658240                              {pd product} {ergonomic}
     bool SegmentedCodeCache                       = true                                      {product} {ergonomic}
   size_t SoftMaxHeapSize                          = 1975517184                             {manageable} {ergonomic}
     bool UseCompressedClassPointers               = true                           {product lp64_product} {ergonomic}
     bool UseCompressedOops                        = true                           {product lp64_product} {ergonomic}
     bool UseG1GC                                  = true                                      {product} {ergonomic}
     bool UseLargePagesIndividualAllocation        = false                                  {pd product} {ergonomic}

Logging:
Log output configuration:
 #0: stdout all=warning uptime,level,tags foldmultilines=false
 #1: stderr all=off uptime,level,tags foldmultilines=false

Environment Variables:
JAVA_HOME=C:\Users\acer\AppData\Local\Programs\Eclipse Adoptium\jdk-17.0.7.7-hotspot\
PATH=C:\Program Files\Common Files\Oracle\Java\javapath;C:\WINDOWS\system32;C:\WINDOWS;C:\WINDOWS\System32\Wbem;C:\WINDOWS\System32\WindowsPowerShell\v1.0\;C:\WINDOWS\System32\OpenSSH\;C:\MinGW\bin;C:\Program Files\Java\jdk-20\bin;C:\Program Files\MySQL\MySQL Server 8.0\bin;C:\Program Files\MySQL\MySQL Shell 8.0\bin\;C:\Users\acer\AppData\Local\Programs\Eclipse Adoptium\jdk-17.0.7.7-hotspot\bin;C:\Users\acer\AppData\Local\Microsoft\WindowsApps;C:\Users\acer\AppData\Local\Programs\MiKTeX\miktex\bin\x64\;C:\Users\acer\AppData\Local\Programs\Microsoft VS Code\bin
USERNAME=acer
OS=Windows_NT
PROCESSOR_IDENTIFIER=AMD64 Family 23 Model 104 Stepping 1, AuthenticAMD
TMP=C:\Users\acer\AppData\Local\Temp
TEMP=C:\Users\acer\AppData\Local\Temp




---------------  S Y S T E M  ---------------

OS:
 Windows 11 , 64 bit Build 22621 (10.0.22621.1635)
OS uptime: 1 days 2:42 hours
Hyper-V role detected

CPU: total 12 (initial active 12) (12 cores per cpu, 2 threads per core) family 23 model 104 stepping 1 microcode 0x0, cx8, cmov, fxsr, ht, mmx, 3dnowpref, sse, sse2, sse3, ssse3, sse4a, sse4.1, sse4.2, popcnt, lzcnt, tsc, tscinvbit, avx, avx2, aes, clmul, bmi1, bmi2, adx, sha, fma, vzeroupper, clflush, clflushopt, hv, rdtscp, rdpid, f16c

Memory: 4k page, system-wide physical 7530M (340M free)
TotalPageFile size 27153M (AvailPageFile size 103M)
current process WorkingSet (physical memory assigned to process): 11M, peak: 11M
current process commit charge ("private bytes"): 64M, peak: 182M

vm_info: Java HotSpot(TM) 64-Bit Server VM (20.0.1+9-29) for windows-amd64 JRE (20.0.1+9-29), built on 2023-03-07T13:56:11Z by "mach5one" with MS VC++ 17.1 (VS2022)

END.
